{"timestamp":"2025-06-27T10:58:22.873872945-04:00","use_case":"ProcessBatch","target":"1036@entrascimqaoutlook.onmicrosoft.com","status":"info","details":"Task 'update' completed successfully. ([])"}
{"timestamp":"2025-06-27T10:58:24.916999199-04:00","use_case":"ProcessBatch","target":"1037@entrascimqaoutlook.onmicrosoft.com","status":"info","details":"Task 'update' completed successfully. ([])"}
{"timestamp":"2025-06-27T10:58:26.873584763-04:00","use_case":"ProcessBatch","target":"1038@entrascimqaoutlook.onmicrosoft.com","status":"info","details":"Task 'update' completed successfully. ([])"}
{"timestamp":"2025-06-27T10:58:28.73296783-04:00","use_case":"ProcessBatch","target":"1039@entrascimqaoutlook.onmicrosoft.com","status":"info","details":"Task 'update' completed successfully. ([])"}
{"timestamp":"2025-06-27T10:58:30.636892201-04:00","use_case":"ProcessBatch","target":"103@entrascimqaoutlook.onmicrosoft.com","status":"info","details":"Task 'update' completed successfully. ([])"}
{"timestamp":"2025-06-27T10:58:32.471621569-04:00","use_case":"ProcessBatch","target":"1040@entrascimqaoutlook.onmicrosoft.com","status":"info","details":"Task 'update' completed successfully. ([])"}
{"timestamp":"2025-06-27T10:58:34.408650231-04:00","use_case":"ProcessBatch","target":"1041@entrascimqaoutlook.onmicrosoft.com","status":"info","details":"Task 'update' completed successfully. ([])"}
{"timestamp":"2025-06-27T10:58:36.20077134-04:00","use_case":"ProcessBatch","target":"1042@entrascimqaoutlook.onmicrosoft.com","status":"info","details":"Task 'update' completed successfully. ([])"}
{"timestamp":"2025-06-27T10:58:38.086743253-04:00","use_case":"ProcessBatch","target":"1043@entrascimqaoutlook.onmicrosoft.com","status":"info","details":"Task 'update' completed successfully. ([])"}
{"timestamp":"2025-06-27T10:58:40.010812818-04:00","use_case":"ProcessBatch","target":"1044@entrascimqaoutlook.onmicrosoft.com","status":"info","details":"Task 'update' completed successfully. ([])"}
{"timestamp":"2025-06-27T10:58:42.679154617-04:00","use_case":"ProcessBatch","target":"104@entrascimqaoutlook.onmicrosoft.com","status":"info","details":"Task 'update' completed successfully. ([])"}
{"timestamp":"2025-06-27T10:58:44.528516732-04:00","use_case":"ProcessBatch","target":"1050@entrascimqaoutlook.onmicrosoft.com","status":"info","details":"Task 'update' completed successfully. ([])"}
{"timestamp":"2025-06-27T10:58:46.336107174-04:00","use_case":"ProcessBatch","target":"1051@entrascimqaoutlook.onmicrosoft.com","status":"info","details":"Task 'update' completed successfully. ([])"}
{"timestamp":"2025-06-27T10:58:48.221580301-04:00","use_case":"ProcessBatch","target":"1052@entrascimqaoutlook.onmicrosoft.com","status":"info","details":"Task 'update' completed successfully. ([])"}
{"timestamp":"2025-06-27T10:58:50.219602494-04:00","use_case":"ProcessBatch","target":"1053@entrascimqaoutlook.onmicrosoft.com","status":"info","details":"Task 'update' completed successfully. ([])"}
{"timestamp":"2025-06-27T10:58:52.090835846-04:00","use_case":"ProcessBatch","target":"1054@entrascimqaoutlook.onmicrosoft.com","status":"info","details":"Task 'update' completed successfully. ([])"}
{"timestamp":"2025-06-27T10:58:53.933501206-04:00","use_case":"ProcessBatch","target":"1055@entrascimqaoutlook.onmicrosoft.com","status":"info","details":"Task 'update' completed successfully. ([])"}
{"timestamp":"2025-06-27T10:58:55.820046995-04:00","use_case":"ProcessBatch","target":"1056@entrascimqaoutlook.onmicrosoft.com","status":"info","details":"Task 'update' completed successfully. ([])"}
{"timestamp":"2025-06-27T10:58:57.768053468-04:00","use_case":"ProcessBatch","target":"1057@entrascimqaoutlook.onmicrosoft.com","status":"info","details":"Task 'update' completed successfully. ([])"}
{"timestamp":"2025-06-27T10:58:59.650602657-04:00","use_case":"ProcessBatch","target":"1058@entrascimqaoutlook.onmicrosoft.com","status":"info","details":"Task 'update' completed successfully. ([])"}
{"timestamp":"2025-06-27T10:59:01.533153531-04:00","use_case":"ProcessBatch","target":"1059@entrascimqaoutlook.onmicrosoft.com","status":"info","details":"Task 'update' completed successfully. ([])"}
{"timestamp":"2025-06-27T10:59:03.442766331-04:00","use_case":"ProcessBatch","target":"105@entrascimqaoutlook.onmicrosoft.com","status":"info","details":"Task 'update' completed successfully. ([])"}
{"timestamp":"2025-06-27T10:59:05.262742405-04:00","use_case":"ProcessBatch","target":"1060@entrascimqaoutlook.onmicrosoft.com","status":"info","details":"Task 'update' completed successfully. ([])"}
{"timestamp":"2025-06-27T10:59:07.394072154-04:00","use_case":"ProcessBatch","target":"1061@entrascimqaoutlook.onmicrosoft.com","status":"info","details":"Task 'update' completed successfully. ([])"}
{"timestamp":"2025-06-27T10:59:09.356461959-04:00","use_case":"ProcessBatch","target":"1062@entrascimqaoutlook.onmicrosoft.com","status":"info","details":"Task 'update' completed successfully. ([])"}
{"timestamp":"2025-06-27T10:59:11.360583613-04:00","use_case":"ProcessBatch","target":"1063@entrascimqaoutlook.onmicrosoft.com","status":"info","details":"Task 'update' completed successfully. ([])"}
{"timestamp":"2025-06-27T10:59:13.3539306-04:00","use_case":"ProcessBatch","target":"1064@entrascimqaoutlook.onmicrosoft.com","status":"info","details":"Task 'update' completed successfully. ([])"}
{"timestamp":"2025-06-27T10:59:15.967398135-04:00","use_case":"ProcessBatch","target":"1065@entrascimqaoutlook.onmicrosoft.com","status":"info","details":"Task 'update' completed successfully. ([])"}
{"timestamp":"2025-06-27T10:59:17.784766239-04:00","use_case":"ProcessBatch","target":"1066@entrascimqaoutlook.onmicrosoft.com","status":"info","details":"Task 'update' completed successfully. ([])"}
{"timestamp":"2025-06-27T10:59:19.539239163-04:00","use_case":"ProcessBatch","target":"1067@entrascimqaoutlook.onmicrosoft.com","status":"info","details":"Task 'update' completed successfully. ([])"}
{"timestamp":"2025-06-27T10:59:21.344928083-04:00","use_case":"ProcessBatch","target":"1068@entrascimqaoutlook.onmicrosoft.com","status":"info","details":"Task 'update' completed successfully. ([])"}
{"timestamp":"2025-06-27T10:59:23.353415932-04:00","use_case":"ProcessBatch","target":"1069@entrascimqaoutlook.onmicrosoft.com","status":"info","details":"Task 'update' completed successfully. ([])"}
{"timestamp":"2025-06-27T10:59:25.188644984-04:00","use_case":"ProcessBatch","target":"106@entrascimqaoutlook.onmicrosoft.com","status":"info","details":"Task 'update' completed successfully. ([])"}
{"timestamp":"2025-06-27T10:59:27.118012755-04:00","use_case":"ProcessBatch","target":"1070@entrascimqaoutlook.onmicrosoft.com","status":"info","details":"Task 'update' completed successfully. ([])"}
{"timestamp":"2025-06-27T10:59:28.909476138-04:00","use_case":"ProcessBatch","target":"1071@entrascimqaoutlook.onmicrosoft.com","status":"info","details":"Task 'update' completed successfully. ([])"}
{"timestamp":"2025-06-27T10:59:30.805449384-04:00","use_case":"ProcessBatch","target":"1072@entrascimqaoutlook.onmicrosoft.com","status":"info","details":"Task 'update' completed successfully. ([])"}
{"timestamp":"2025-06-27T10:59:32.678706411-04:00","use_case":"ProcessBatch","target":"1073@entrascimqaoutlook.onmicrosoft.com","status":"info","details":"Task 'update' completed successfully. ([])"}
{"timestamp":"2025-06-27T10:59:34.523340606-04:00","use_case":"ProcessBatch","target":"1074@entrascimqaoutlook.onmicrosoft.com","status":"info","details":"Task 'update' completed successfully. ([])"}
{"timestamp":"2025-06-27T10:59:36.236375941-04:00","use_case":"ProcessBatch","target":"1075@entrascimqaoutlook.onmicrosoft.com","status":"info","details":"Task 'update' completed successfully. ([])"}
{"timestamp":"2025-06-27T10:59:38.008958111-04:00","use_case":"ProcessBatch","target":"1076@entrascimqaoutlook.onmicrosoft.com","status":"info","details":"Task 'update' completed successfully. ([])"}
{"timestamp":"2025-06-27T10:59:39.809534394-04:00","use_case":"ProcessBatch","target":"1077@entrascimqaoutlook.onmicrosoft.com","status":"info","details":"Task 'update' completed successfully. ([])"}
{"timestamp":"2025-06-27T10:59:41.630415216-04:00","use_case":"ProcessBatch","target":"1078@entrascimqaoutlook.onmicrosoft.com","status":"info","details":"Task 'update' completed successfully. ([])"}
{"timestamp":"2025-06-27T10:59:43.571132924-04:00","use_case":"ProcessBatch","target":"1079@entrascimqaoutlook.onmicrosoft.com","status":"info","details":"Task 'update' completed successfully. ([])"}
{"timestamp":"2025-06-27T10:59:45.466195981-04:00","use_case":"ProcessBatch","target":"107@entrascimqaoutlook.onmicrosoft.com","status":"info","details":"Task 'update' completed successfully. ([])"}
{"timestamp":"2025-06-27T10:59:48.091162018-04:00","use_case":"ProcessBatch","target":"1080@entrascimqaoutlook.onmicrosoft.com","status":"info","details":"Task 'update' completed successfully. ([])"}
{"timestamp":"2025-06-27T10:59:50.051921204-04:00","use_case":"ProcessBatch","target":"1081@entrascimqaoutlook.onmicrosoft.com","status":"info","details":"Task 'update' completed successfully. ([])"}
{"timestamp":"2025-06-27T10:59:52.036881852-04:00","use_case":"ProcessBatch","target":"1082@entrascimqaoutlook.onmicrosoft.com","status":"info","details":"Task 'update' completed successfully. ([])"}
{"timestamp":"2025-06-27T10:59:53.77906484-04:00","use_case":"ProcessBatch","target":"1083@entrascimqaoutlook.onmicrosoft.com","status":"info","details":"Task 'update' completed successfully. ([])"}
{"timestamp":"2025-06-27T10:59:55.689820551-04:00","use_case":"ProcessBatch","target":"1084@entrascimqaoutlook.onmicrosoft.com","status":"info","details":"Task 'update' completed successfully. ([])"}
{"timestamp":"2025-06-27T10:59:57.485681308-04:00","use_case":"ProcessBatch","target":"1085@entrascimqaoutlook.onmicrosoft.com","status":"info","details":"Task 'update' completed successfully. ([])"}
{"timestamp":"2025-06-27T10:59:59.381897987-04:00","use_case":"ProcessBatch","target":"1086@entrascimqaoutlook.onmicrosoft.com","status":"info","details":"Task 'update' completed successfully. ([])"}
{"timestamp":"2025-06-27T11:00:02.798054848-04:00","use_case":"ProcessBatch","target":"1087@entrascimqaoutlook.onmicrosoft.com","status":"info","details":"Task 'update' completed successfully. ([])"}
{"timestamp":"2025-06-27T11:00:05.297125934-04:00","use_case":"ProcessBatch","target":"1088@entrascimqaoutlook.onmicrosoft.com","status":"info","details":"Task 'update' completed successfully. ([])"}
{"timestamp":"2025-06-27T11:00:07.514939713-04:00","use_case":"ProcessBatch","target":"1089@entrascimqaoutlook.onmicrosoft.com","status":"info","details":"Task 'update' completed successfully. ([])"}
{"timestamp":"2025-06-27T11:00:09.859589899-04:00","use_case":"ProcessBatch","target":"108@entrascimqaoutlook.onmicrosoft.com","status":"info","details":"Task 'update' completed successfully. ([])"}
{"timestamp":"2025-06-27T11:00:12.357287741-04:00","use_case":"ProcessBatch","target":"10@entrascimqaoutlook.onmicrosoft.com","status":"info","details":"Task 'update' completed successfully. ([])"}
{"timestamp":"2025-06-27T11:00:14.639363335-04:00","use_case":"ProcessBatch","target":"1102@entrascimqaoutlook.onmicrosoft.com","status":"info","details":"Task 'update' completed successfully. ([])"}
{"timestamp":"2025-06-27T11:00:16.744260825-04:00","use_case":"ProcessBatch","target":"1103@entrascimqaoutlook.onmicrosoft.com","status":"info","details":"Task 'update' completed successfully. ([])"}
{"timestamp":"2025-06-27T11:00:18.765456646-04:00","use_case":"ProcessBatch","target":"1104@entrascimqaoutlook.onmicrosoft.com","status":"info","details":"Task 'update' completed successfully. ([])"}
{"timestamp":"2025-06-27T11:00:21.52331486-04:00","use_case":"ProcessBatch","target":"1105@entrascimqaoutlook.onmicrosoft.com","status":"info","details":"Task 'update' completed successfully. ([])"}
{"timestamp":"2025-06-27T11:00:23.556383132-04:00","use_case":"ProcessBatch","target":"1106@entrascimqaoutlook.onmicrosoft.com","status":"info","details":"Task 'update' completed successfully. ([])"}
{"timestamp":"2025-06-27T11:00:25.697292156-04:00","use_case":"ProcessBatch","target":"1107@entrascimqaoutlook.onmicrosoft.com","status":"info","details":"Task 'update' completed successfully. ([])"}
{"timestamp":"2025-06-27T11:00:27.698696061-04:00","use_case":"ProcessBatch","target":"1108@entrascimqaoutlook.onmicrosoft.com","status":"info","details":"Task 'update' completed successfully. ([])"}
{"timestamp":"2025-06-27T11:00:29.933856443-04:00","use_case":"ProcessBatch","target":"1109@entrascimqaoutlook.onmicrosoft.com","status":"info","details":"Task 'update' completed successfully. ([])"}
{"timestamp":"2025-06-27T11:00:31.979051669-04:00","use_case":"ProcessBatch","target":"110@entrascimqaoutlook.onmicrosoft.com","status":"info","details":"Task 'update' completed successfully. ([])"}
{"timestamp":"2025-06-27T11:00:33.947954601-04:00","use_case":"ProcessBatch","target":"1110@entrascimqaoutlook.onmicrosoft.com","status":"info","details":"Task 'update' completed successfully. ([])"}
{"timestamp":"2025-06-27T11:00:35.84563028-04:00","use_case":"ProcessBatch","target":"1111@entrascimqaoutlook.onmicrosoft.com","status":"info","details":"Task 'update' completed successfully. ([])"}
{"timestamp":"2025-06-27T11:00:37.903969656-04:00","use_case":"ProcessBatch","target":"1112@entrascimqaoutlook.onmicrosoft.com","status":"info","details":"Task 'update' completed successfully. ([])"}
{"timestamp":"2025-06-27T11:00:40.016973185-04:00","use_case":"ProcessBatch","target":"1113@entrascimqaoutlook.onmicrosoft.com","status":"info","details":"Task 'update' completed successfully. ([])"}
{"timestamp":"2025-06-27T11:00:41.933043169-04:00","use_case":"ProcessBatch","target":"1114@entrascimqaoutlook.onmicrosoft.com","status":"info","details":"Task 'update' completed successfully. ([])"}
{"timestamp":"2025-06-27T11:00:43.944222945-04:00","use_case":"ProcessBatch","target":"1115@entrascimqaoutlook.onmicrosoft.com","status":"info","details":"Task 'update' completed successfully. ([])"}
{"timestamp":"2025-06-27T11:00:46.134529379-04:00","use_case":"ProcessBatch","target":"1116@entrascimqaoutlook.onmicrosoft.com","status":"info","details":"Task 'update' completed successfully. ([])"}
{"timestamp":"2025-06-27T11:00:48.114568495-04:00","use_case":"ProcessBatch","target":"1118@entrascimqaoutlook.onmicrosoft.com","status":"info","details":"Task 'update' completed successfully. ([])"}
{"timestamp":"2025-06-27T11:00:50.274720348-04:00","use_case":"ProcessBatch","target":"1119@entrascimqaoutlook.onmicrosoft.com","status":"info","details":"Task 'update' completed successfully. ([])"}
{"timestamp":"2025-06-27T11:00:52.24904499-04:00","use_case":"ProcessBatch","target":"111@entrascimqaoutlook.onmicrosoft.com","status":"info","details":"Task 'update' completed successfully. ([])"}
{"timestamp":"2025-06-27T11:00:55.078870671-04:00","use_case":"ProcessBatch","target":"111cain@entrascimqaoutlook.onmicrosoft.com","status":"info","details":"Task 'update' completed successfully. ([])"}
{"timestamp":"2025-06-27T11:00:57.166893514-04:00","use_case":"ProcessBatch","target":"1121@entrascimqaoutlook.onmicrosoft.com","status":"info","details":"Task 'update' completed successfully. ([])"}
{"timestamp":"2025-06-27T11:00:59.21775216-04:00","use_case":"ProcessBatch","target":"1122@entrascimqaoutlook.onmicrosoft.com","status":"info","details":"Task 'update' completed successfully. ([])"}
{"timestamp":"2025-06-27T11:22:31.671117512-04:00","use_case":"ProcessBatch","target":"1036@gmail.com","status":"error","details":"Task failed ([error user '1036@gmail.com' not found in local store])"}
{"timestamp":"2025-06-27T11:22:31.674750546-04:00","use_case":"ProcessBatch","target":"1037@gmail.com","status":"error","details":"Task failed ([error user '1037@gmail.com' not found in local store])"}
{"timestamp":"2025-06-27T11:22:31.676023436-04:00","use_case":"ProcessBatch","target":"1038@gmail.com","status":"error","details":"Task failed ([error user '1038@gmail.com' not found in local store])"}
{"timestamp":"2025-06-27T11:22:31.677099884-04:00","use_case":"ProcessBatch","target":"1039@gmail.com","status":"error","details":"Task failed ([error user '1039@gmail.com' not found in local store])"}
{"timestamp":"2025-06-27T11:22:31.678239341-04:00","use_case":"ProcessBatch","target":"103@gmail.com","status":"error","details":"Task failed ([error user '103@gmail.com' not found in local store])"}
{"timestamp":"2025-06-27T11:22:31.682982221-04:00","use_case":"ProcessBatch","target":"1040@gmail.com","status":"error","details":"Task failed ([error user '1040@gmail.com' not found in local store])"}
{"timestamp":"2025-06-27T11:22:31.685448355-04:00","use_case":"ProcessBatch","target":"1041@gmail.com","status":"error","details":"Task failed ([error user '1041@gmail.com' not found in local store])"}
{"timestamp":"2025-06-27T11:22:31.687971923-04:00","use_case":"ProcessBatch","target":"1042@gmail.com","status":"error","details":"Task failed ([error user '1042@gmail.com' not found in local store])"}
{"timestamp":"2025-06-27T11:22:31.689519324-04:00","use_case":"ProcessBatch","target":"1043@gmail.com","status":"error","details":"Task failed ([error user '1043@gmail.com' not found in local store])"}
{"timestamp":"2025-06-27T11:22:31.690816008-04:00","use_case":"ProcessBatch","target":"1044@gmail.com","status":"error","details":"Task failed ([error user '1044@gmail.com' not found in local store])"}
{"timestamp":"2025-06-27T11:22:31.694524689-04:00","use_case":"ProcessBatch","target":"104@gmail.com","status":"error","details":"Task failed ([error user '104@gmail.com' not found in local store])"}
{"timestamp":"2025-06-27T11:22:31.696542952-04:00","use_case":"ProcessBatch","target":"1050@gmail.com","status":"error","details":"Task failed ([error user '1050@gmail.com' not found in local store])"}
{"timestamp":"2025-06-27T11:22:31.697614087-04:00","use_case":"ProcessBatch","target":"1051@gmail.com","status":"error","details":"Task failed ([error user '1051@gmail.com' not found in local store])"}
{"timestamp":"2025-06-27T11:22:31.698531152-04:00","use_case":"ProcessBatch","target":"1052@gmail.com","status":"error","details":"Task failed ([error user '1052@gmail.com' not found in local store])"}
{"timestamp":"2025-06-27T11:22:31.699449502-04:00","use_case":"ProcessBatch","target":"1053@gmail.com","status":"error","details":"Task failed ([error user '1053@gmail.com' not found in local store])"}
{"timestamp":"2025-06-27T11:22:31.702940176-04:00","use_case":"ProcessBatch","target":"1054@gmail.com","status":"error","details":"Task failed ([error user '1054@gmail.com' not found in local store])"}
{"timestamp":"2025-06-27T11:22:31.705658416-04:00","use_case":"ProcessBatch","target":"1055@gmail.com","status":"error","details":"Task failed ([error user '1055@gmail.com' not found in local store])"}
{"timestamp":"2025-06-27T11:22:31.707060305-04:00","use_case":"ProcessBatch","target":"1056@gmail.com","status":"error","details":"Task failed ([error user '1056@gmail.com' not found in local store])"}
{"timestamp":"2025-06-27T11:22:31.708218536-04:00","use_case":"ProcessBatch","target":"1057@gmail.com","status":"error","details":"Task failed ([error user '1057@gmail.com' not found in local store])"}
{"timestamp":"2025-06-27T11:22:31.70931335-04:00","use_case":"ProcessBatch","target":"1058@gmail.com","status":"error","details":"Task failed ([error user '1058@gmail.com' not found in local store])"}
{"timestamp":"2025-06-27T11:22:31.712567657-04:00","use_case":"ProcessBatch","target":"1059@gmail.com","status":"error","details":"Task failed ([error user '1059@gmail.com' not found in local store])"}
{"timestamp":"2025-06-27T11:22:31.713789488-04:00","use_case":"ProcessBatch","target":"105@gmail.com","status":"error","details":"Task failed ([error user '105@gmail.com' not found in local store])"}
{"timestamp":"2025-06-27T11:22:31.71501204-04:00","use_case":"ProcessBatch","target":"1060@gmail.com","status":"error","details":"Task failed ([error user '1060@gmail.com' not found in local store])"}
{"timestamp":"2025-06-27T11:22:31.716462224-04:00","use_case":"ProcessBatch","target":"1061@gmail.com","status":"error","details":"Task failed ([error user '1061@gmail.com' not found in local store])"}
{"timestamp":"2025-06-27T11:22:31.717992266-04:00","use_case":"ProcessBatch","target":"1062@gmail.com","status":"error","details":"Task failed ([error user '1062@gmail.com' not found in local store])"}
{"timestamp":"2025-06-27T11:22:31.72079029-04:00","use_case":"ProcessBatch","target":"1063@gmail.com","status":"error","details":"Task failed ([error user '1063@gmail.com' not found in local store])"}
{"timestamp":"2025-06-27T11:22:31.721942563-04:00","use_case":"ProcessBatch","target":"1064@gmail.com","status":"error","details":"Task failed ([error user '1064@gmail.com' not found in local store])"}
{"timestamp":"2025-06-27T11:22:31.722813103-04:00","use_case":"ProcessBatch","target":"1065@gmail.com","status":"error","details":"Task failed ([error user '1065@gmail.com' not found in local store])"}
{"timestamp":"2025-06-27T11:22:31.723893852-04:00","use_case":"ProcessBatch","target":"1066@gmail.com","status":"error","details":"Task failed ([error user '1066@gmail.com' not found in local store])"}
{"timestamp":"2025-06-27T11:22:31.724912236-04:00","use_case":"ProcessBatch","target":"1067@gmail.com","status":"error","details":"Task failed ([error user '1067@gmail.com' not found in local store])"}
{"timestamp":"2025-06-27T11:22:31.728433869-04:00","use_case":"ProcessBatch","target":"1068@gmail.com","status":"error","details":"Task failed ([error user '1068@gmail.com' not found in local store])"}
{"timestamp":"2025-06-27T11:22:31.729612107-04:00","use_case":"ProcessBatch","target":"1069@gmail.com","status":"error","details":"Task failed ([error user '1069@gmail.com' not found in local store])"}
{"timestamp":"2025-06-27T11:22:31.730713844-04:00","use_case":"ProcessBatch","target":"106@gmail.com","status":"error","details":"Task failed ([error user '106@gmail.com' not found in local store])"}
{"timestamp":"2025-06-27T11:22:31.731824535-04:00","use_case":"ProcessBatch","target":"1070@gmail.com","status":"error","details":"Task failed ([error user '1070@gmail.com' not found in local store])"}
{"timestamp":"2025-06-27T11:22:31.733251209-04:00","use_case":"ProcessBatch","target":"1071@gmail.com","status":"error","details":"Task failed ([error user '1071@gmail.com' not found in local store])"}
{"timestamp":"2025-06-27T11:22:31.737594659-04:00","use_case":"ProcessBatch","target":"1072@gmail.com","status":"error","details":"Task failed ([error user '1072@gmail.com' not found in local store])"}
{"timestamp":"2025-06-27T11:22:31.738946969-04:00","use_case":"ProcessBatch","target":"1073@gmail.com","status":"error","details":"Task failed ([error user '1073@gmail.com' not found in local store])"}
{"timestamp":"2025-06-27T11:22:31.740380839-04:00","use_case":"ProcessBatch","target":"1074@gmail.com","status":"error","details":"Task failed ([error user '1074@gmail.com' not found in local store])"}
{"timestamp":"2025-06-27T11:22:31.741993842-04:00","use_case":"ProcessBatch","target":"1075@gmail.com","status":"error","details":"Task failed ([error user '1075@gmail.com' not found in local store])"}
{"timestamp":"2025-06-27T11:22:31.743075896-04:00","use_case":"ProcessBatch","target":"1076@gmail.com","status":"error","details":"Task failed ([error user '1076@gmail.com' not found in local store])"}
{"timestamp":"2025-06-27T11:22:31.747008894-04:00","use_case":"ProcessBatch","target":"1077@gmail.com","status":"error","details":"Task failed ([error user '1077@gmail.com' not found in local store])"}
{"timestamp":"2025-06-27T11:22:31.748056779-04:00","use_case":"ProcessBatch","target":"1078@gmail.com","status":"error","details":"Task failed ([error user '1078@gmail.com' not found in local store])"}
{"timestamp":"2025-06-27T11:22:31.749788013-04:00","use_case":"ProcessBatch","target":"1079@gmail.com","status":"error","details":"Task failed ([error user '1079@gmail.com' not found in local store])"}
{"timestamp":"2025-06-27T11:22:31.751114801-04:00","use_case":"ProcessBatch","target":"107@gmail.com","status":"error","details":"Task failed ([error user '107@gmail.com' not found in local store])"}
{"timestamp":"2025-06-27T11:22:31.753644925-04:00","use_case":"ProcessBatch","target":"1080@gmail.com","status":"error","details":"Task failed ([error user '1080@gmail.com' not found in local store])"}
{"timestamp":"2025-06-27T11:22:31.758259655-04:00","use_case":"ProcessBatch","target":"1081@gmail.com","status":"error","details":"Task failed ([error user '1081@gmail.com' not found in local store])"}
{"timestamp":"2025-06-27T11:22:31.759536706-04:00","use_case":"ProcessBatch","target":"1082@gmail.com","status":"error","details":"Task failed ([error user '1082@gmail.com' not found in local store])"}
{"timestamp":"2025-06-27T11:22:31.761145488-04:00","use_case":"ProcessBatch","target":"1083@gmail.com","status":"error","details":"Task failed ([error user '1083@gmail.com' not found in local store])"}
{"timestamp":"2025-06-27T11:22:31.762538731-04:00","use_case":"ProcessBatch","target":"1084@gmail.com","status":"error","details":"Task failed ([error user '1084@gmail.com' not found in local store])"}
{"timestamp":"2025-06-27T11:22:31.764234155-04:00","use_case":"ProcessBatch","target":"1085@gmail.com","status":"error","details":"Task failed ([error user '1085@gmail.com' not found in local store])"}
{"timestamp":"2025-06-27T11:22:31.767318427-04:00","use_case":"ProcessBatch","target":"1086@gmail.com","status":"error","details":"Task failed ([error user '1086@gmail.com' not found in local store])"}
{"timestamp":"2025-06-27T11:22:31.769472787-04:00","use_case":"ProcessBatch","target":"1087@gmail.com","status":"error","details":"Task failed ([error user '1087@gmail.com' not found in local store])"}
{"timestamp":"2025-06-27T11:22:31.770611994-04:00","use_case":"ProcessBatch","target":"1088@gmail.com","status":"error","details":"Task failed ([error user '1088@gmail.com' not found in local store])"}
{"timestamp":"2025-06-27T11:22:31.771743087-04:00","use_case":"ProcessBatch","target":"1089@gmail.com","status":"error","details":"Task failed ([error user '1089@gmail.com' not found in local store])"}
{"timestamp":"2025-06-27T11:22:31.773117452-04:00","use_case":"ProcessBatch","target":"108@gmail.com","status":"error","details":"Task failed ([error user '108@gmail.com' not found in local store])"}
{"timestamp":"2025-06-27T11:22:31.776538635-04:00","use_case":"ProcessBatch","target":"10@gmail.com","status":"error","details":"Task failed ([error user '10@gmail.com' not found in local store])"}
{"timestamp":"2025-06-27T11:22:31.777655172-04:00","use_case":"ProcessBatch","target":"1102@gmail.com","status":"error","details":"Task failed ([error user '1102@gmail.com' not found in local store])"}
{"timestamp":"2025-06-27T11:22:31.779385406-04:00","use_case":"ProcessBatch","target":"1103@gmail.com","status":"error","details":"Task failed ([error user '1103@gmail.com' not found in local store])"}
{"timestamp":"2025-06-27T11:22:31.780572694-04:00","use_case":"ProcessBatch","target":"1104@gmail.com","status":"error","details":"Task failed ([error user '1104@gmail.com' not found in local store])"}
{"timestamp":"2025-06-27T11:22:31.78188958-04:00","use_case":"ProcessBatch","target":"1105@gmail.com","status":"error","details":"Task failed ([error user '1105@gmail.com' not found in local store])"}
{"timestamp":"2025-06-27T11:22:31.78546683-04:00","use_case":"ProcessBatch","target":"1106@gmail.com","status":"error","details":"Task failed ([error user '1106@gmail.com' not found in local store])"}
{"timestamp":"2025-06-27T11:22:31.786544183-04:00","use_case":"ProcessBatch","target":"1107@gmail.com","status":"error","details":"Task failed ([error user '1107@gmail.com' not found in local store])"}
{"timestamp":"2025-06-27T11:22:31.787931136-04:00","use_case":"ProcessBatch","target":"1108@gmail.com","status":"error","details":"Task failed ([error user '1108@gmail.com' not found in local store])"}
{"timestamp":"2025-06-27T11:22:31.789170169-04:00","use_case":"ProcessBatch","target":"1109@gmail.com","status":"error","details":"Task failed ([error user '1109@gmail.com' not found in local store])"}
{"timestamp":"2025-06-27T11:22:31.790392075-04:00","use_case":"ProcessBatch","target":"110@gmail.com","status":"error","details":"Task failed ([error user '110@gmail.com' not found in local store])"}
{"timestamp":"2025-06-27T11:22:31.793880247-04:00","use_case":"ProcessBatch","target":"1110@gmail.com","status":"error","details":"Task failed ([error user '1110@gmail.com' not found in local store])"}
{"timestamp":"2025-06-27T11:22:31.795425988-04:00","use_case":"ProcessBatch","target":"1111@gmail.com","status":"error","details":"Task failed ([error user '1111@gmail.com' not found in local store])"}
{"timestamp":"2025-06-27T11:22:31.796756266-04:00","use_case":"ProcessBatch","target":"1112@gmail.com","status":"error","details":"Task failed ([error user '1112@gmail.com' not found in local store])"}
{"timestamp":"2025-06-27T11:22:31.798230246-04:00","use_case":"ProcessBatch","target":"1113@gmail.com","status":"error","details":"Task failed ([error user '1113@gmail.com' not found in local store])"}
{"timestamp":"2025-06-27T11:22:31.799328363-04:00","use_case":"ProcessBatch","target":"1114@gmail.com","status":"error","details":"Task failed ([error user '1114@gmail.com' not found in local store])"}
{"timestamp":"2025-06-27T11:22:31.802876517-04:00","use_case":"ProcessBatch","target":"1115@gmail.com","status":"error","details":"Task failed ([error user '1115@gmail.com' not found in local store])"}
{"timestamp":"2025-06-27T11:22:31.804660917-04:00","use_case":"ProcessBatch","target":"1116@gmail.com","status":"error","details":"Task failed ([error user '1116@gmail.com' not found in local store])"}
{"timestamp":"2025-06-27T11:22:31.806231179-04:00","use_case":"ProcessBatch","target":"1118@gmail.com","status":"error","details":"Task failed ([error user '1118@gmail.com' not found in local store])"}
{"timestamp":"2025-06-27T11:22:31.807405408-04:00","use_case":"ProcessBatch","target":"1119@gmail.com","status":"error","details":"Task failed ([error user '1119@gmail.com' not found in local store])"}
{"timestamp":"2025-06-27T11:22:31.809296629-04:00","use_case":"ProcessBatch","target":"111@gmail.com","status":"error","details":"Task failed ([error user '111@gmail.com' not found in local store])"}
{"timestamp":"2025-06-27T11:22:31.81278824-04:00","use_case":"ProcessBatch","target":"111cain@gmail.com","status":"error","details":"Task failed ([error user '111cain@gmail.com' not found in local store])"}
{"timestamp":"2025-06-27T11:22:31.814030601-04:00","use_case":"ProcessBatch","target":"1121@gmail.com","status":"error","details":"Task failed ([error user '1121@gmail.com' not found in local store])"}
{"timestamp":"2025-06-27T11:22:31.815446692-04:00","use_case":"ProcessBatch","target":"1122@gmail.com","status":"error","details":"Task failed ([error user '1122@gmail.com' not found in local store])"}
{"timestamp":"2025-06-27T11:34:03.523704534-04:00","use_case":"Refresh: Delta Found","target":"1078@gmail.com","status":"info","details":"User created in SmartSuite directly. ([scim_id 675bf23dfb249dd15ec76c09])"}
{"timestamp":"2025-06-27T11:34:03.52953413-04:00","use_case":"Refresh: Delta Found","target":"1065@gmail.com","status":"info","details":"User created in SmartSuite directly. ([scim_id 675bf25f225624fe94c76bf9])"}
{"timestamp":"2025-06-27T11:34:03.533625446-04:00","use_case":"Refresh: Delta Found","target":"1086@gmail.com","status":"info","details":"User created in SmartSuite directly. ([scim_id 675bf23e99a49d67bf01ecfd])"}
{"timestamp":"2025-06-27T11:34:03.541469755-04:00","use_case":"Refresh: Delta Found","target":"1058@gmail.com","status":"info","details":"User created in SmartSuite directly. ([scim_id 675bf23dc392a22ed728be08])"}
{"timestamp":"2025-06-27T11:34:03.546127104-04:00","use_case":"Refresh: Delta Found","target":"1075@gmail.com","status":"info","details":"User created in SmartSuite directly. ([scim_id 675bf2645eb2f11ac101ecf5])"}
{"timestamp":"2025-06-27T11:34:03.553312942-04:00","use_case":"Refresh: Delta Found","target":"111@gmail.com","status":"info","details":"User created in SmartSuite directly. ([scim_id 675ae6fd863f74a53650182a])"}
{"timestamp":"2025-06-27T11:34:03.558119248-04:00","use_case":"Refresh: Delta Found","target":"1066@gmail.com","status":"info","details":"User created in SmartSuite directly. ([scim_id 675bf25102a9409fdb28d826])"}
{"timestamp":"2025-06-27T11:34:03.563449256-04:00","use_case":"Refresh: Delta Found","target":"1043@gmail.com","status":"info","details":"User created in SmartSuite directly. ([scim_id 675bf27f225624fe94c76bff])"}
{"timestamp":"2025-06-27T11:34:03.569827405-04:00","use_case":"Refresh: Delta Found","target":"1103@gmail.com","status":"info","details":"User created in SmartSuite directly. ([scim_id 675c026bb65fd5b029020d86])"}
{"timestamp":"2025-06-27T11:34:03.574965611-04:00","use_case":"Refresh: Delta Found","target":"1085@gmail.com","status":"info","details":"User created in SmartSuite directly. ([scim_id 675bf25bf9ab7171e801ed0b])"}
{"timestamp":"2025-06-27T11:34:03.580263189-04:00","use_case":"Refresh: Delta Found","target":"1037@gmail.com","status":"info","details":"User created in SmartSuite directly. ([scim_id 675bf246016c523bef28b7dd])"}
{"timestamp":"2025-06-27T11:34:03.58653561-04:00","use_case":"Refresh: Delta Found","target":"1070@gmail.com","status":"info","details":"User created in SmartSuite directly. ([scim_id 675bf2af016c523bef28b7e7])"}
{"timestamp":"2025-06-27T11:34:03.591205601-04:00","use_case":"Refresh: Delta Found","target":"1105@gmail.com","status":"info","details":"User created in SmartSuite directly. ([scim_id 675c024e9cd95f76af3924b6])"}
{"timestamp":"2025-06-27T11:34:03.59613754-04:00","use_case":"Refresh: Delta Found","target":"1054@gmail.com","status":"info","details":"User created in SmartSuite directly. ([scim_id 675bf278016c523bef28b7e1])"}
{"timestamp":"2025-06-27T11:34:03.601751546-04:00","use_case":"Refresh: Delta Found","target":"1060@gmail.com","status":"info","details":"User created in SmartSuite directly. ([scim_id 675bf2a9397d994cf3020d46])"}
{"timestamp":"2025-06-27T11:34:03.607251172-04:00","use_case":"Refresh: Delta Found","target":"1102@gmail.com","status":"info","details":"User created in SmartSuite directly. ([scim_id 675c0288016c523bef28b833])"}
{"timestamp":"2025-06-27T11:34:03.613000075-04:00","use_case":"Refresh: Delta Found","target":"1062@gmail.com","status":"info","details":"User created in SmartSuite directly. ([scim_id 675bf28bb65fd5b029020d4e])"}
{"timestamp":"2025-06-27T11:34:03.61867192-04:00","use_case":"Refresh: Delta Found","target":"1057@gmail.com","status":"info","details":"User created in SmartSuite directly. ([scim_id 675bf24bf9ab7171e801ed05])"}
{"timestamp":"2025-06-27T11:34:03.619571457-04:00","use_case":"Refresh: Delta Found","target":"1051@gmail.com","status":"info","details":"User created in SmartSuite directly. ([scim_id 675bf2a427c6e93cbc28b7f6])"}
{"timestamp":"2025-06-27T11:34:03.621546244-04:00","use_case":"Refresh: Delta Found","target":"1063@gmail.com","status":"info","details":"User created in SmartSuite directly. ([scim_id 675bf27d6dc3daaf7101ecf8])"}
{"timestamp":"2025-06-27T11:34:03.623252971-04:00","use_case":"Refresh: Delta Found","target":"104@gmail.com","status":"info","details":"User created in SmartSuite directly. ([scim_id 675bf2652f0d2d57a7020d44])"}
{"timestamp":"2025-06-27T11:34:03.624524917-04:00","use_case":"Refresh: Delta Found","target":"1072@gmail.com","status":"info","details":"User created in SmartSuite directly. ([scim_id 675bf29f5eb2f11ac101ecf9])"}
{"timestamp":"2025-06-27T11:34:03.626001058-04:00","use_case":"Refresh: Delta Found","target":"1052@gmail.com","status":"info","details":"User created in SmartSuite directly. ([scim_id 675bf2945559a0ee5d28b7e6])"}
{"timestamp":"2025-06-27T11:34:03.627434941-04:00","use_case":"Refresh: Delta Found","target":"1059@gmail.com","status":"info","details":"User created in SmartSuite directly. ([scim_id 675bf235016c523bef28b7db])"}
{"timestamp":"2025-06-27T11:34:03.62854556-04:00","use_case":"Refresh: Delta Found","target":"1113@gmail.com","status":"info","details":"User created in SmartSuite directly. ([scim_id 675c02625e0a87c91a28b845])"}
{"timestamp":"2025-06-27T11:34:03.629871119-04:00","use_case":"Refresh: Delta Found","target":"1082@gmail.com","status":"info","details":"User created in SmartSuite directly. ([scim_id 675bf287f9ab7171e801ed0f])"}
{"timestamp":"2025-06-27T11:34:03.63182213-04:00","use_case":"Refresh: Delta Found","target":"103@gmail.com","status":"info","details":"User created in SmartSuite directly. ([scim_id 675bf2748017c8d14d28b7ee])"}
{"timestamp":"2025-06-27T11:34:03.634244943-04:00","use_case":"Refresh: Delta Found","target":"1038@gmail.com","status":"info","details":"User created in SmartSuite directly. ([scim_id 675bf23cfb249dd15ec76c07])"}
{"timestamp":"2025-06-27T11:34:03.635935279-04:00","use_case":"Refresh: Delta Found","target":"1122@gmail.com","status":"info","details":"User created in SmartSuite directly. ([scim_id 675c01c28017c8d14d28b82c])"}
{"timestamp":"2025-06-27T11:34:03.636819605-04:00","use_case":"Refresh: Delta Found","target":"1088@gmail.com","status":"info","details":"User created in SmartSuite directly. ([scim_id 675bf24cebb15e7f5228b7e4])"}
{"timestamp":"2025-06-27T11:34:03.638426641-04:00","use_case":"Refresh: Delta Found","target":"1087@gmail.com","status":"info","details":"User created in SmartSuite directly. ([scim_id 675bf23902a9409fdb28d820])"}
{"timestamp":"2025-06-27T11:34:03.639892817-04:00","use_case":"Refresh: Delta Found","target":"1067@gmail.com","status":"info","details":"User created in SmartSuite directly. ([scim_id 675bf24302a9409fdb28d822])"}
{"timestamp":"2025-06-27T11:34:03.64146611-04:00","use_case":"Refresh: Delta Found","target":"110@gmail.com","status":"info","details":"User created in SmartSuite directly. ([scim_id 675c01066dc3daaf7101ed22])"}
{"timestamp":"2025-06-27T11:34:03.642759667-04:00","use_case":"Refresh: Delta Found","target":"1039@gmail.com","status":"info","details":"User created in SmartSuite directly. ([scim_id 675bf235b65fd5b029020d4a])"}
{"timestamp":"2025-06-27T11:34:03.645456941-04:00","use_case":"Refresh: Delta Found","target":"1069@gmail.com","status":"info","details":"User created in SmartSuite directly. ([scim_id 675bf23527c6e93cbc28b7e8])"}
{"timestamp":"2025-06-27T11:34:03.646362321-04:00","use_case":"Refresh: Delta Found","target":"1081@gmail.com","status":"info","details":"User created in SmartSuite directly. ([scim_id 675bf2968017c8d14d28b7f4])"}
{"timestamp":"2025-06-27T11:34:03.648306979-04:00","use_case":"Refresh: Delta Found","target":"1106@gmail.com","status":"info","details":"User created in SmartSuite directly. ([scim_id 675c021527c6e93cbc28b84c])"}
{"timestamp":"2025-06-27T11:34:03.650889248-04:00","use_case":"Refresh: Delta Found","target":"105@gmail.com","status":"info","details":"User created in SmartSuite directly. ([scim_id 675bf25725cace540801ecfd])"}
{"timestamp":"2025-06-27T11:34:03.653275482-04:00","use_case":"Refresh: Delta Found","target":"1107@gmail.com","status":"info","details":"User created in SmartSuite directly. ([scim_id 675c01fd5559a0ee5d28b84d])"}
{"timestamp":"2025-06-27T11:34:03.654676106-04:00","use_case":"Refresh: Delta Found","target":"106@gmail.com","status":"info","details":"User created in SmartSuite directly. ([scim_id 675bf23db07193185bc78c54])"}
{"timestamp":"2025-06-27T11:34:03.655926175-04:00","use_case":"Refresh: Delta Found","target":"1112@gmail.com","status":"info","details":"User created in SmartSuite directly. ([scim_id 675c028002a9409fdb28d875])"}
{"timestamp":"2025-06-27T11:34:03.656972556-04:00","use_case":"Refresh: Delta Found","target":"1055@gmail.com","status":"info","details":"User created in SmartSuite directly. ([scim_id 675bf2685e0a87c91a28b7e5])"}
{"timestamp":"2025-06-27T11:34:03.657870367-04:00","use_case":"Refresh: Delta Found","target":"1114@gmail.com","status":"info","details":"User created in SmartSuite directly. ([scim_id 675c02465559a0ee5d28b851])"}
{"timestamp":"2025-06-27T11:34:03.658849592-04:00","use_case":"Refresh: Delta Found","target":"1056@gmail.com","status":"info","details":"User created in SmartSuite directly. ([scim_id 675bf25af9ab7171e801ed09])"}
{"timestamp":"2025-06-27T11:34:03.659729137-04:00","use_case":"Refresh: Delta Found","target":"1118@gmail.com","status":"info","details":"User created in SmartSuite directly. ([scim_id 675c01f7c392a22ed728be52])"}
{"timestamp":"2025-06-27T11:34:03.660639753-04:00","use_case":"Refresh: Delta Found","target":"1089@gmail.com","status":"info","details":"User created in SmartSuite directly. ([scim_id 675bf23425cace540801ecf7])"}
{"timestamp":"2025-06-27T11:34:03.66171753-04:00","use_case":"Refresh: Delta Found","target":"1084@gmail.com","status":"info","details":"User created in SmartSuite directly. ([scim_id 675bf26a225624fe94c76bfb])"}
{"timestamp":"2025-06-27T11:34:03.662832737-04:00","use_case":"Refresh: Delta Found","target":"1121@gmail.com","status":"info","details":"User created in SmartSuite directly. ([scim_id 675c01b325cace540801ed3b])"}
{"timestamp":"2025-06-27T11:34:03.665277546-04:00","use_case":"Refresh: Delta Found","target":"1050@gmail.com","status":"info","details":"User created in SmartSuite directly. ([scim_id 675bf2b35559a0ee5d28b7ea])"}
{"timestamp":"2025-06-27T11:34:03.666984417-04:00","use_case":"Refresh: Delta Found","target":"1083@gmail.com","status":"info","details":"User created in SmartSuite directly. ([scim_id 675bf279f9ab7171e801ed0d])"}
{"timestamp":"2025-06-27T11:34:03.669389947-04:00","use_case":"Refresh: Delta Found","target":"1071@gmail.com","status":"info","details":"User created in SmartSuite directly. ([scim_id 675bf2908017c8d14d28b7f2])"}
{"timestamp":"2025-06-27T11:34:03.670724835-04:00","use_case":"Refresh: Delta Found","target":"1076@gmail.com","status":"info","details":"User created in SmartSuite directly. ([scim_id 675bf2485559a0ee5d28b7e4])"}
{"timestamp":"2025-06-27T11:34:03.672258606-04:00","use_case":"Refresh: Delta Found","target":"1108@gmail.com","status":"info","details":"User created in SmartSuite directly. ([scim_id 675c01d725cace540801ed3d])"}
{"timestamp":"2025-06-27T11:34:03.673758026-04:00","use_case":"Refresh: Delta Found","target":"1111@gmail.com","status":"info","details":"User created in SmartSuite directly. ([scim_id 675c029e4141c5b04c3924b6])"}
{"timestamp":"2025-06-27T11:34:03.675812243-04:00","use_case":"Refresh: Delta Found","target":"1064@gmail.com","status":"info","details":"User created in SmartSuite directly. ([scim_id 675bf26f02a9409fdb28d828])"}
{"timestamp":"2025-06-27T11:34:03.678373884-04:00","use_case":"Refresh: Delta Found","target":"1073@gmail.com","status":"info","details":"User created in SmartSuite directly. ([scim_id 675bf282098836ed0fc76c12])"}
{"timestamp":"2025-06-27T11:34:03.679253854-04:00","use_case":"Refresh: Delta Found","target":"107@gmail.com","status":"info","details":"User created in SmartSuite directly. ([scim_id 675bf24927c6e93cbc28b7ec])"}
{"timestamp":"2025-06-27T11:34:03.680781869-04:00","use_case":"Refresh: Delta Found","target":"1116@gmail.com","status":"info","details":"User created in SmartSuite directly. ([scim_id 675c020db4a7989909c78cad])"}
{"timestamp":"2025-06-27T11:34:03.682178156-04:00","use_case":"Refresh: Delta Found","target":"1074@gmail.com","status":"info","details":"User created in SmartSuite directly. ([scim_id 675bf273b07193185bc78c5a])"}
{"timestamp":"2025-06-27T11:34:03.68395115-04:00","use_case":"Refresh: Delta Found","target":"1110@gmail.com","status":"info","details":"User created in SmartSuite directly. ([scim_id 675c01b35e0a87c91a28b83d])"}
{"timestamp":"2025-06-27T11:34:03.685642951-04:00","use_case":"Refresh: Delta Found","target":"1119@gmail.com","status":"info","details":"User created in SmartSuite directly. ([scim_id 675c01dbc392a22ed728be50])"}
{"timestamp":"2025-06-27T11:34:03.686511172-04:00","use_case":"Refresh: Delta Found","target":"1079@gmail.com","status":"info","details":"User created in SmartSuite directly. ([scim_id 675bf235c392a22ed728be06])"}
{"timestamp":"2025-06-27T11:34:03.687730331-04:00","use_case":"Refresh: Delta Found","target":"1036@gmail.com","status":"info","details":"User created in SmartSuite directly. ([scim_id 675bf254c392a22ed728be0a])"}
{"timestamp":"2025-06-27T11:34:03.688822394-04:00","use_case":"Refresh: Delta Found","target":"1061@gmail.com","status":"info","details":"User created in SmartSuite directly. ([scim_id 675bf29a5eb2f11ac101ecf7])"}
{"timestamp":"2025-06-27T11:34:03.690704641-04:00","use_case":"Refresh: Delta Found","target":"10@gmail.com","status":"info","details":"User created in SmartSuite directly. ([scim_id 675bf2b002a9409fdb28d82a])"}
{"timestamp":"2025-06-27T11:34:03.691871717-04:00","use_case":"Refresh: Delta Found","target":"1080@gmail.com","status":"info","details":"User created in SmartSuite directly. ([scim_id 675bf2a5c392a22ed728be0e])"}
{"timestamp":"2025-06-27T11:34:03.692910776-04:00","use_case":"Refresh: Delta Found","target":"1041@gmail.com","status":"info","details":"User created in SmartSuite directly. ([scim_id 675bf2ab27c6e93cbc28b7f8])"}
{"timestamp":"2025-06-27T11:34:03.693641835-04:00","use_case":"Refresh: Delta Found","target":"1077@gmail.com","status":"info","details":"User created in SmartSuite directly. ([scim_id 675bf255c392a22ed728be0c])"}
{"timestamp":"2025-06-27T11:34:03.694451835-04:00","use_case":"Refresh: Delta Found","target":"1068@gmail.com","status":"info","details":"User created in SmartSuite directly. ([scim_id 675bf23c098836ed0fc76c0e])"}
{"timestamp":"2025-06-27T11:34:03.695325798-04:00","use_case":"Refresh: Delta Found","target":"1115@gmail.com","status":"info","details":"User created in SmartSuite directly. ([scim_id 675c02298017c8d14d28b834])"}
{"timestamp":"2025-06-27T11:34:03.697329688-04:00","use_case":"Refresh: Delta Found","target":"108@gmail.com","status":"info","details":"User created in SmartSuite directly. ([scim_id 675bf235f9ab7171e801ed01])"}
{"timestamp":"2025-06-27T11:34:03.699079223-04:00","use_case":"Refresh: Delta Found","target":"1109@gmail.com","status":"info","details":"User created in SmartSuite directly. ([scim_id 675c01c1b4a7989909c78cab])"}
{"timestamp":"2025-06-27T11:34:03.700058977-04:00","use_case":"Refresh: Delta Found","target":"1040@gmail.com","status":"info","details":"User created in SmartSuite directly. ([scim_id 675bf28d8017c8d14d28b7f0])"}
{"timestamp":"2025-06-27T11:34:03.701122212-04:00","use_case":"Refresh: Delta Found","target":"1053@gmail.com","status":"info","details":"User created in SmartSuite directly. ([scim_id 675bf2862f0d2d57a7020d48])"}
{"timestamp":"2025-06-27T11:34:03.703015097-04:00","use_case":"Refresh: Delta Found","target":"1044@gmail.com","status":"info","details":"User created in SmartSuite directly. ([scim_id 675bf270b07193185bc78c58])"}
{"timestamp":"2025-06-27T11:34:03.704990868-04:00","use_case":"Refresh: Delta Found","target":"1042@gmail.com","status":"info","details":"User created in SmartSuite directly. ([scim_id 675bf29c27c6e93cbc28b7f2])"}
{"timestamp":"2025-06-27T11:34:03.706892227-04:00","use_case":"Refresh: Delta Found","target":"1104@gmail.com","status":"info","details":"User created in SmartSuite directly. ([scim_id 675c023098bcb131443924b6])"}
{"timestamp":"2025-06-27T11:34:03.708012458-04:00","use_case":"Refresh: Delta Found","target":"111cain@gmail.com","status":"info","details":"User created in SmartSuite directly. ([scim_id 68404b12ddc531faaa4cd43d])"}
{"timestamp":"2025-06-27T11:34:03.709110892-04:00","use_case":"Refresh: Delta Found","target":"1107@entrascimqaoutlook.onmicrosoft.com","status":"info","details":"User deleted in SmartSuite directly. ([scim_id 675c01fd5559a0ee5d28b84d])"}
{"timestamp":"2025-06-27T11:34:03.710418308-04:00","use_case":"Refresh: Delta Found","target":"1083@entrascimqaoutlook.onmicrosoft.com","status":"info","details":"User deleted in SmartSuite directly. ([scim_id 675bf279f9ab7171e801ed0d])"}
{"timestamp":"2025-06-27T11:34:03.711846154-04:00","use_case":"Refresh: Delta Found","target":"1043@entrascimqaoutlook.onmicrosoft.com","status":"info","details":"User deleted in SmartSuite directly. ([scim_id 675bf27f225624fe94c76bff])"}
{"timestamp":"2025-06-27T11:34:03.712755489-04:00","use_case":"Refresh: Delta Found","target":"1057@entrascimqaoutlook.onmicrosoft.com","status":"info","details":"User deleted in SmartSuite directly. ([scim_id 675bf24bf9ab7171e801ed05])"}
{"timestamp":"2025-06-27T11:34:03.713721488-04:00","use_case":"Refresh: Delta Found","target":"1075@entrascimqaoutlook.onmicrosoft.com","status":"info","details":"User deleted in SmartSuite directly. ([scim_id 675bf2645eb2f11ac101ecf5])"}
{"timestamp":"2025-06-27T11:34:03.714733018-04:00","use_case":"Refresh: Delta Found","target":"1070@entrascimqaoutlook.onmicrosoft.com","status":"info","details":"User deleted in SmartSuite directly. ([scim_id 675bf2af016c523bef28b7e7])"}
{"timestamp":"2025-06-27T11:34:03.716187633-04:00","use_case":"Refresh: Delta Found","target":"1086@entrascimqaoutlook.onmicrosoft.com","status":"info","details":"User deleted in SmartSuite directly. ([scim_id 675bf23e99a49d67bf01ecfd])"}
{"timestamp":"2025-06-27T11:34:03.716951036-04:00","use_case":"Refresh: Delta Found","target":"1058@entrascimqaoutlook.onmicrosoft.com","status":"info","details":"User deleted in SmartSuite directly. ([scim_id 675bf23dc392a22ed728be08])"}
{"timestamp":"2025-06-27T11:34:03.717943871-04:00","use_case":"Refresh: Delta Found","target":"1108@entrascimqaoutlook.onmicrosoft.com","status":"info","details":"User deleted in SmartSuite directly. ([scim_id 675c01d725cace540801ed3d])"}
{"timestamp":"2025-06-27T11:34:03.718646868-04:00","use_case":"Refresh: Delta Found","target":"1104@entrascimqaoutlook.onmicrosoft.com","status":"info","details":"User deleted in SmartSuite directly. ([scim_id 675c023098bcb131443924b6])"}
{"timestamp":"2025-06-27T11:34:03.719619616-04:00","use_case":"Refresh: Delta Found","target":"1073@entrascimqaoutlook.onmicrosoft.com","status":"info","details":"User deleted in SmartSuite directly. ([scim_id 675bf282098836ed0fc76c12])"}
{"timestamp":"2025-06-27T11:34:03.720779585-04:00","use_case":"Refresh: Delta Found","target":"1102@entrascimqaoutlook.onmicrosoft.com","status":"info","details":"User deleted in SmartSuite directly. ([scim_id 675c0288016c523bef28b833])"}
{"timestamp":"2025-06-27T11:34:03.721736681-04:00","use_case":"Refresh: Delta Found","target":"1063@entrascimqaoutlook.onmicrosoft.com","status":"info","details":"User deleted in SmartSuite directly. ([scim_id 675bf27d6dc3daaf7101ecf8])"}
{"timestamp":"2025-06-27T11:34:03.725607148-04:00","use_case":"Refresh: Delta Found","target":"1081@entrascimqaoutlook.onmicrosoft.com","status":"info","details":"User deleted in SmartSuite directly. ([scim_id 675bf2968017c8d14d28b7f4])"}
{"timestamp":"2025-06-27T11:34:03.732950548-04:00","use_case":"Refresh: Delta Found","target":"1119@entrascimqaoutlook.onmicrosoft.com","status":"info","details":"User deleted in SmartSuite directly. ([scim_id 675c01dbc392a22ed728be50])"}
{"timestamp":"2025-06-27T11:34:03.793107864-04:00","use_case":"Refresh: Delta Found","target":"1072@entrascimqaoutlook.onmicrosoft.com","status":"info","details":"User deleted in SmartSuite directly. ([scim_id 675bf29f5eb2f11ac101ecf9])"}
{"timestamp":"2025-06-27T11:34:03.825555132-04:00","use_case":"Refresh: Delta Found","target":"1071@entrascimqaoutlook.onmicrosoft.com","status":"info","details":"User deleted in SmartSuite directly. ([scim_id 675bf2908017c8d14d28b7f2])"}
{"timestamp":"2025-06-27T11:34:03.855917073-04:00","use_case":"Refresh: Delta Found","target":"1069@entrascimqaoutlook.onmicrosoft.com","status":"info","details":"User deleted in SmartSuite directly. ([scim_id 675bf23527c6e93cbc28b7e8])"}
{"timestamp":"2025-06-27T11:34:03.881199807-04:00","use_case":"Refresh: Delta Found","target":"1089@entrascimqaoutlook.onmicrosoft.com","status":"info","details":"User deleted in SmartSuite directly. ([scim_id 675bf23425cace540801ecf7])"}
{"timestamp":"2025-06-27T11:34:03.904458964-04:00","use_case":"Refresh: Delta Found","target":"1080@entrascimqaoutlook.onmicrosoft.com","status":"info","details":"User deleted in SmartSuite directly. ([scim_id 675bf2a5c392a22ed728be0e])"}
{"timestamp":"2025-06-27T11:34:03.91385466-04:00","use_case":"Refresh: Delta Found","target":"10@entrascimqaoutlook.onmicrosoft.com","status":"info","details":"User deleted in SmartSuite directly. ([scim_id 675bf2b002a9409fdb28d82a])"}
{"timestamp":"2025-06-27T11:34:03.915689706-04:00","use_case":"Refresh: Delta Found","target":"1116@entrascimqaoutlook.onmicrosoft.com","status":"info","details":"User deleted in SmartSuite directly. ([scim_id 675c020db4a7989909c78cad])"}
{"timestamp":"2025-06-27T11:34:03.917324208-04:00","use_case":"Refresh: Delta Found","target":"111cain@entrascimqaoutlook.onmicrosoft.com","status":"info","details":"User deleted in SmartSuite directly. ([scim_id 68404b12ddc531faaa4cd43d])"}
{"timestamp":"2025-06-27T11:34:03.918583195-04:00","use_case":"Refresh: Delta Found","target":"1111@entrascimqaoutlook.onmicrosoft.com","status":"info","details":"User deleted in SmartSuite directly. ([scim_id 675c029e4141c5b04c3924b6])"}
{"timestamp":"2025-06-27T11:34:03.919843946-04:00","use_case":"Refresh: Delta Found","target":"107@entrascimqaoutlook.onmicrosoft.com","status":"info","details":"User deleted in SmartSuite directly. ([scim_id 675bf24927c6e93cbc28b7ec])"}
{"timestamp":"2025-06-27T11:34:03.921265994-04:00","use_case":"Refresh: Delta Found","target":"1085@entrascimqaoutlook.onmicrosoft.com","status":"info","details":"User deleted in SmartSuite directly. ([scim_id 675bf25bf9ab7171e801ed0b])"}
{"timestamp":"2025-06-27T11:34:03.922665988-04:00","use_case":"Refresh: Delta Found","target":"1064@entrascimqaoutlook.onmicrosoft.com","status":"info","details":"User deleted in SmartSuite directly. ([scim_id 675bf26f02a9409fdb28d828])"}
{"timestamp":"2025-06-27T11:34:03.923676473-04:00","use_case":"Refresh: Delta Found","target":"1077@entrascimqaoutlook.onmicrosoft.com","status":"info","details":"User deleted in SmartSuite directly. ([scim_id 675bf255c392a22ed728be0c])"}
{"timestamp":"2025-06-27T11:34:03.924679799-04:00","use_case":"Refresh: Delta Found","target":"1065@entrascimqaoutlook.onmicrosoft.com","status":"info","details":"User deleted in SmartSuite directly. ([scim_id 675bf25f225624fe94c76bf9])"}
{"timestamp":"2025-06-27T11:34:03.925593831-04:00","use_case":"Refresh: Delta Found","target":"103@entrascimqaoutlook.onmicrosoft.com","status":"info","details":"User deleted in SmartSuite directly. ([scim_id 675bf2748017c8d14d28b7ee])"}
{"timestamp":"2025-06-27T11:34:03.926473413-04:00","use_case":"Refresh: Delta Found","target":"1068@entrascimqaoutlook.onmicrosoft.com","status":"info","details":"User deleted in SmartSuite directly. ([scim_id 675bf23c098836ed0fc76c0e])"}
{"timestamp":"2025-06-27T11:34:03.928399143-04:00","use_case":"Refresh: Delta Found","target":"1042@entrascimqaoutlook.onmicrosoft.com","status":"info","details":"User deleted in SmartSuite directly. ([scim_id 675bf29c27c6e93cbc28b7f2])"}
{"timestamp":"2025-06-27T11:34:03.929564059-04:00","use_case":"Refresh: Delta Found","target":"1054@entrascimqaoutlook.onmicrosoft.com","status":"info","details":"User deleted in SmartSuite directly. ([scim_id 675bf278016c523bef28b7e1])"}
{"timestamp":"2025-06-27T11:34:03.930669988-04:00","use_case":"Refresh: Delta Found","target":"1051@entrascimqaoutlook.onmicrosoft.com","status":"info","details":"User deleted in SmartSuite directly. ([scim_id 675bf2a427c6e93cbc28b7f6])"}
{"timestamp":"2025-06-27T11:34:03.93310292-04:00","use_case":"Refresh: Delta Found","target":"1041@entrascimqaoutlook.onmicrosoft.com","status":"info","details":"User deleted in SmartSuite directly. ([scim_id 675bf2ab27c6e93cbc28b7f8])"}
{"timestamp":"2025-06-27T11:34:03.936289636-04:00","use_case":"Refresh: Delta Found","target":"1121@entrascimqaoutlook.onmicrosoft.com","status":"info","details":"User deleted in SmartSuite directly. ([scim_id 675c01b325cace540801ed3b])"}
{"timestamp":"2025-06-27T11:34:03.946567841-04:00","use_case":"Refresh: Delta Found","target":"1087@entrascimqaoutlook.onmicrosoft.com","status":"info","details":"User deleted in SmartSuite directly. ([scim_id 675bf23902a9409fdb28d820])"}
{"timestamp":"2025-06-27T11:34:03.94813011-04:00","use_case":"Refresh: Delta Found","target":"1106@entrascimqaoutlook.onmicrosoft.com","status":"info","details":"User deleted in SmartSuite directly. ([scim_id 675c021527c6e93cbc28b84c])"}
{"timestamp":"2025-06-27T11:34:03.94980414-04:00","use_case":"Refresh: Delta Found","target":"108@entrascimqaoutlook.onmicrosoft.com","status":"info","details":"User deleted in SmartSuite directly. ([scim_id 675bf235f9ab7171e801ed01])"}
{"timestamp":"2025-06-27T11:34:03.951043931-04:00","use_case":"Refresh: Delta Found","target":"1113@entrascimqaoutlook.onmicrosoft.com","status":"info","details":"User deleted in SmartSuite directly. ([scim_id 675c02625e0a87c91a28b845])"}
{"timestamp":"2025-06-27T11:34:03.952244888-04:00","use_case":"Refresh: Delta Found","target":"1037@entrascimqaoutlook.onmicrosoft.com","status":"info","details":"User deleted in SmartSuite directly. ([scim_id 675bf246016c523bef28b7dd])"}
{"timestamp":"2025-06-27T11:34:03.953573607-04:00","use_case":"Refresh: Delta Found","target":"1115@entrascimqaoutlook.onmicrosoft.com","status":"info","details":"User deleted in SmartSuite directly. ([scim_id 675c02298017c8d14d28b834])"}
{"timestamp":"2025-06-27T11:34:03.954531327-04:00","use_case":"Refresh: Delta Found","target":"1056@entrascimqaoutlook.onmicrosoft.com","status":"info","details":"User deleted in SmartSuite directly. ([scim_id 675bf25af9ab7171e801ed09])"}
{"timestamp":"2025-06-27T11:34:03.955522717-04:00","use_case":"Refresh: Delta Found","target":"1076@entrascimqaoutlook.onmicrosoft.com","status":"info","details":"User deleted in SmartSuite directly. ([scim_id 675bf2485559a0ee5d28b7e4])"}
{"timestamp":"2025-06-27T11:34:03.957440124-04:00","use_case":"Refresh: Delta Found","target":"1079@entrascimqaoutlook.onmicrosoft.com","status":"info","details":"User deleted in SmartSuite directly. ([scim_id 675bf235c392a22ed728be06])"}
{"timestamp":"2025-06-27T11:34:03.958828008-04:00","use_case":"Refresh: Delta Found","target":"1110@entrascimqaoutlook.onmicrosoft.com","status":"info","details":"User deleted in SmartSuite directly. ([scim_id 675c01b35e0a87c91a28b83d])"}
{"timestamp":"2025-06-27T11:34:03.959971621-04:00","use_case":"Refresh: Delta Found","target":"1036@entrascimqaoutlook.onmicrosoft.com","status":"info","details":"User deleted in SmartSuite directly. ([scim_id 675bf254c392a22ed728be0a])"}
{"timestamp":"2025-06-27T11:34:03.96199509-04:00","use_case":"Refresh: Delta Found","target":"1112@entrascimqaoutlook.onmicrosoft.com","status":"info","details":"User deleted in SmartSuite directly. ([scim_id 675c028002a9409fdb28d875])"}
{"timestamp":"2025-06-27T11:34:03.962894974-04:00","use_case":"Refresh: Delta Found","target":"1118@entrascimqaoutlook.onmicrosoft.com","status":"info","details":"User deleted in SmartSuite directly. ([scim_id 675c01f7c392a22ed728be52])"}
{"timestamp":"2025-06-27T11:34:03.963949296-04:00","use_case":"Refresh: Delta Found","target":"1044@entrascimqaoutlook.onmicrosoft.com","status":"info","details":"User deleted in SmartSuite directly. ([scim_id 675bf270b07193185bc78c58])"}
{"timestamp":"2025-06-27T11:34:03.965283554-04:00","use_case":"Refresh: Delta Found","target":"1060@entrascimqaoutlook.onmicrosoft.com","status":"info","details":"User deleted in SmartSuite directly. ([scim_id 675bf2a9397d994cf3020d46])"}
{"timestamp":"2025-06-27T11:34:03.966168175-04:00","use_case":"Refresh: Delta Found","target":"1114@entrascimqaoutlook.onmicrosoft.com","status":"info","details":"User deleted in SmartSuite directly. ([scim_id 675c02465559a0ee5d28b851])"}
{"timestamp":"2025-06-27T11:34:03.967048865-04:00","use_case":"Refresh: Delta Found","target":"1055@entrascimqaoutlook.onmicrosoft.com","status":"info","details":"User deleted in SmartSuite directly. ([scim_id 675bf2685e0a87c91a28b7e5])"}
{"timestamp":"2025-06-27T11:34:03.968437392-04:00","use_case":"Refresh: Delta Found","target":"106@entrascimqaoutlook.onmicrosoft.com","status":"info","details":"User deleted in SmartSuite directly. ([scim_id 675bf23db07193185bc78c54])"}
{"timestamp":"2025-06-27T11:34:03.969944682-04:00","use_case":"Refresh: Delta Found","target":"104@entrascimqaoutlook.onmicrosoft.com","status":"info","details":"User deleted in SmartSuite directly. ([scim_id 675bf2652f0d2d57a7020d44])"}
{"timestamp":"2025-06-27T11:34:03.970973266-04:00","use_case":"Refresh: Delta Found","target":"110@entrascimqaoutlook.onmicrosoft.com","status":"info","details":"User deleted in SmartSuite directly. ([scim_id 675c01066dc3daaf7101ed22])"}
{"timestamp":"2025-06-27T11:34:03.972571897-04:00","use_case":"Refresh: Delta Found","target":"1122@entrascimqaoutlook.onmicrosoft.com","status":"info","details":"User deleted in SmartSuite directly. ([scim_id 675c01c28017c8d14d28b82c])"}
{"timestamp":"2025-06-27T11:34:03.974072785-04:00","use_case":"Refresh: Delta Found","target":"1109@entrascimqaoutlook.onmicrosoft.com","status":"info","details":"User deleted in SmartSuite directly. ([scim_id 675c01c1b4a7989909c78cab])"}
{"timestamp":"2025-06-27T11:34:03.975502353-04:00","use_case":"Refresh: Delta Found","target":"1038@entrascimqaoutlook.onmicrosoft.com","status":"info","details":"User deleted in SmartSuite directly. ([scim_id 675bf23cfb249dd15ec76c07])"}
{"timestamp":"2025-06-27T11:34:03.978630133-04:00","use_case":"Refresh: Delta Found","target":"1059@entrascimqaoutlook.onmicrosoft.com","status":"info","details":"User deleted in SmartSuite directly. ([scim_id 675bf235016c523bef28b7db])"}
{"timestamp":"2025-06-27T11:34:03.979656298-04:00","use_case":"Refresh: Delta Found","target":"1074@entrascimqaoutlook.onmicrosoft.com","status":"info","details":"User deleted in SmartSuite directly. ([scim_id 675bf273b07193185bc78c5a])"}
{"timestamp":"2025-06-27T11:34:03.981173144-04:00","use_case":"Refresh: Delta Found","target":"1040@entrascimqaoutlook.onmicrosoft.com","status":"info","details":"User deleted in SmartSuite directly. ([scim_id 675bf28d8017c8d14d28b7f0])"}
{"timestamp":"2025-06-27T11:34:03.982199415-04:00","use_case":"Refresh: Delta Found","target":"1078@entrascimqaoutlook.onmicrosoft.com","status":"info","details":"User deleted in SmartSuite directly. ([scim_id 675bf23dfb249dd15ec76c09])"}
{"timestamp":"2025-06-27T11:34:03.983245289-04:00","use_case":"Refresh: Delta Found","target":"1082@entrascimqaoutlook.onmicrosoft.com","status":"info","details":"User deleted in SmartSuite directly. ([scim_id 675bf287f9ab7171e801ed0f])"}
{"timestamp":"2025-06-27T11:34:03.984102298-04:00","use_case":"Refresh: Delta Found","target":"1105@entrascimqaoutlook.onmicrosoft.com","status":"info","details":"User deleted in SmartSuite directly. ([scim_id 675c024e9cd95f76af3924b6])"}
{"timestamp":"2025-06-27T11:34:03.984945091-04:00","use_case":"Refresh: Delta Found","target":"1066@entrascimqaoutlook.onmicrosoft.com","status":"info","details":"User deleted in SmartSuite directly. ([scim_id 675bf25102a9409fdb28d826])"}
{"timestamp":"2025-06-27T11:34:03.985947367-04:00","use_case":"Refresh: Delta Found","target":"1062@entrascimqaoutlook.onmicrosoft.com","status":"info","details":"User deleted in SmartSuite directly. ([scim_id 675bf28bb65fd5b029020d4e])"}
{"timestamp":"2025-06-27T11:34:03.986902225-04:00","use_case":"Refresh: Delta Found","target":"1039@entrascimqaoutlook.onmicrosoft.com","status":"info","details":"User deleted in SmartSuite directly. ([scim_id 675bf235b65fd5b029020d4a])"}
{"timestamp":"2025-06-27T11:34:03.987744717-04:00","use_case":"Refresh: Delta Found","target":"1088@entrascimqaoutlook.onmicrosoft.com","status":"info","details":"User deleted in SmartSuite directly. ([scim_id 675bf24cebb15e7f5228b7e4])"}
{"timestamp":"2025-06-27T11:34:03.988607833-04:00","use_case":"Refresh: Delta Found","target":"1053@entrascimqaoutlook.onmicrosoft.com","status":"info","details":"User deleted in SmartSuite directly. ([scim_id 675bf2862f0d2d57a7020d48])"}
{"timestamp":"2025-06-27T11:34:03.991573462-04:00","use_case":"Refresh: Delta Found","target":"1103@entrascimqaoutlook.onmicrosoft.com","status":"info","details":"User deleted in SmartSuite directly. ([scim_id 675c026bb65fd5b029020d86])"}
{"timestamp":"2025-06-27T11:34:03.993388792-04:00","use_case":"Refresh: Delta Found","target":"1084@entrascimqaoutlook.onmicrosoft.com","status":"info","details":"User deleted in SmartSuite directly. ([scim_id 675bf26a225624fe94c76bfb])"}
{"timestamp":"2025-06-27T11:34:03.995270081-04:00","use_case":"Refresh: Delta Found","target":"1052@entrascimqaoutlook.onmicrosoft.com","status":"info","details":"User deleted in SmartSuite directly. ([scim_id 675bf2945559a0ee5d28b7e6])"}
{"timestamp":"2025-06-27T11:34:03.996747223-04:00","use_case":"Refresh: Delta Found","target":"105@entrascimqaoutlook.onmicrosoft.com","status":"info","details":"User deleted in SmartSuite directly. ([scim_id 675bf25725cace540801ecfd])"}
{"timestamp":"2025-06-27T11:34:03.997808049-04:00","use_case":"Refresh: Delta Found","target":"111@entrascimqaoutlook.onmicrosoft.com","status":"info","details":"User deleted in SmartSuite directly. ([scim_id 675ae6fd863f74a53650182a])"}
{"timestamp":"2025-06-27T11:34:03.999014663-04:00","use_case":"Refresh: Delta Found","target":"1050@entrascimqaoutlook.onmicrosoft.com","status":"info","details":"User deleted in SmartSuite directly. ([scim_id 675bf2b35559a0ee5d28b7ea])"}
{"timestamp":"2025-06-27T11:34:04.000323795-04:00","use_case":"Refresh: Delta Found","target":"1061@entrascimqaoutlook.onmicrosoft.com","status":"info","details":"User deleted in SmartSuite directly. ([scim_id 675bf29a5eb2f11ac101ecf7])"}
{"timestamp":"2025-06-27T11:34:04.003644042-04:00","use_case":"Refresh: Delta Found","target":"1067@entrascimqaoutlook.onmicrosoft.com","status":"info","details":"User deleted in SmartSuite directly. ([scim_id 675bf24302a9409fdb28d822])"}
{"timestamp":"2025-06-27T11:35:52.319809351-04:00","use_case":"ProcessBatch","target":"1036@gmail.com","status":"info","details":"Task 'update' completed successfully. ([])"}
{"timestamp":"2025-06-27T11:35:54.21738867-04:00","use_case":"ProcessBatch","target":"1037@gmail.com","status":"info","details":"Task 'update' completed successfully. ([])"}
{"timestamp":"2025-06-27T11:35:55.959445805-04:00","use_case":"ProcessBatch","target":"1038@gmail.com","status":"info","details":"Task 'update' completed successfully. ([])"}
{"timestamp":"2025-06-27T11:35:57.85686854-04:00","use_case":"ProcessBatch","target":"1039@gmail.com","status":"info","details":"Task 'update' completed successfully. ([])"}
{"timestamp":"2025-06-27T11:35:59.660316465-04:00","use_case":"ProcessBatch","target":"103@gmail.com","status":"info","details":"Task 'update' completed successfully. ([])"}
{"timestamp":"2025-06-27T11:36:01.743389814-04:00","use_case":"ProcessBatch","target":"1040@gmail.com","status":"info","details":"Task 'update' completed successfully. ([])"}
{"timestamp":"2025-06-27T11:36:03.635776359-04:00","use_case":"ProcessBatch","target":"1041@gmail.com","status":"info","details":"Task 'update' completed successfully. ([])"}
{"timestamp":"2025-06-27T11:36:06.283359928-04:00","use_case":"ProcessBatch","target":"1042@gmail.com","status":"info","details":"Task 'update' completed successfully. ([])"}
{"timestamp":"2025-06-27T11:36:08.049198596-04:00","use_case":"ProcessBatch","target":"1043@gmail.com","status":"info","details":"Task 'update' completed successfully. ([])"}
{"timestamp":"2025-06-27T11:36:10.018641841-04:00","use_case":"ProcessBatch","target":"1044@gmail.com","status":"info","details":"Task 'update' completed successfully. ([])"}
{"timestamp":"2025-06-27T11:36:11.848653514-04:00","use_case":"ProcessBatch","target":"104@gmail.com","status":"info","details":"Task 'update' completed successfully. ([])"}
{"timestamp":"2025-06-27T11:36:13.625284132-04:00","use_case":"ProcessBatch","target":"1050@gmail.com","status":"info","details":"Task 'update' completed successfully. ([])"}
{"timestamp":"2025-06-27T11:36:15.648423899-04:00","use_case":"ProcessBatch","target":"1051@gmail.com","status":"info","details":"Task 'update' completed successfully. ([])"}
{"timestamp":"2025-06-27T11:36:17.473236437-04:00","use_case":"ProcessBatch","target":"1052@gmail.com","status":"info","details":"Task 'update' completed successfully. ([])"}
{"timestamp":"2025-06-27T11:36:19.257083271-04:00","use_case":"ProcessBatch","target":"1053@gmail.com","status":"info","details":"Task 'update' completed successfully. ([])"}
{"timestamp":"2025-06-27T11:36:21.15079912-04:00","use_case":"ProcessBatch","target":"1054@gmail.com","status":"info","details":"Task 'update' completed successfully. ([])"}
{"timestamp":"2025-06-27T11:36:23.020427046-04:00","use_case":"ProcessBatch","target":"1055@gmail.com","status":"info","details":"Task 'update' completed successfully. ([])"}
{"timestamp":"2025-06-27T11:36:24.947790067-04:00","use_case":"ProcessBatch","target":"1056@gmail.com","status":"info","details":"Task 'update' completed successfully. ([])"}
{"timestamp":"2025-06-27T11:36:26.773139179-04:00","use_case":"ProcessBatch","target":"1057@gmail.com","status":"info","details":"Task 'update' completed successfully. ([])"}
{"timestamp":"2025-06-27T11:36:28.594226661-04:00","use_case":"ProcessBatch","target":"1058@gmail.com","status":"info","details":"Task 'update' completed successfully. ([])"}
{"timestamp":"2025-06-27T11:36:30.505981341-04:00","use_case":"ProcessBatch","target":"1059@gmail.com","status":"info","details":"Task 'update' completed successfully. ([])"}
{"timestamp":"2025-06-27T11:36:32.295193173-04:00","use_case":"ProcessBatch","target":"105@gmail.com","status":"info","details":"Task 'update' completed successfully. ([])"}
{"timestamp":"2025-06-27T11:36:34.065042115-04:00","use_case":"ProcessBatch","target":"1060@gmail.com","status":"info","details":"Task 'update' completed successfully. ([])"}
{"timestamp":"2025-06-27T11:36:35.976920613-04:00","use_case":"ProcessBatch","target":"1061@gmail.com","status":"info","details":"Task 'update' completed successfully. ([])"}
{"timestamp":"2025-06-27T11:36:37.767326626-04:00","use_case":"ProcessBatch","target":"1062@gmail.com","status":"info","details":"Task 'update' completed successfully. ([])"}
{"timestamp":"2025-06-27T11:36:40.219263786-04:00","use_case":"ProcessBatch","target":"1063@gmail.com","status":"info","details":"Task 'update' completed successfully. ([])"}
{"timestamp":"2025-06-27T11:36:42.083709188-04:00","use_case":"ProcessBatch","target":"1064@gmail.com","status":"info","details":"Task 'update' completed successfully. ([])"}
{"timestamp":"2025-06-27T11:36:43.838526905-04:00","use_case":"ProcessBatch","target":"1065@gmail.com","status":"info","details":"Task 'update' completed successfully. ([])"}
{"timestamp":"2025-06-27T11:36:45.711310519-04:00","use_case":"ProcessBatch","target":"1066@gmail.com","status":"info","details":"Task 'update' completed successfully. ([])"}
{"timestamp":"2025-06-27T11:36:47.457702838-04:00","use_case":"ProcessBatch","target":"1067@gmail.com","status":"info","details":"Task 'update' completed successfully. ([])"}
{"timestamp":"2025-06-27T11:36:49.392781921-04:00","use_case":"ProcessBatch","target":"1068@gmail.com","status":"info","details":"Task 'update' completed successfully. ([])"}
{"timestamp":"2025-06-27T11:36:51.195887269-04:00","use_case":"ProcessBatch","target":"1069@gmail.com","status":"info","details":"Task 'update' completed successfully. ([])"}
{"timestamp":"2025-06-27T11:36:53.035227945-04:00","use_case":"ProcessBatch","target":"106@gmail.com","status":"info","details":"Task 'update' completed successfully. ([])"}
{"timestamp":"2025-06-27T11:36:54.976824086-04:00","use_case":"ProcessBatch","target":"1070@gmail.com","status":"info","details":"Task 'update' completed successfully. ([])"}
{"timestamp":"2025-06-27T11:36:56.987994615-04:00","use_case":"ProcessBatch","target":"1071@gmail.com","status":"info","details":"Task 'update' completed successfully. ([])"}
{"timestamp":"2025-06-27T11:36:58.905735928-04:00","use_case":"ProcessBatch","target":"1072@gmail.com","status":"info","details":"Task 'update' completed successfully. ([])"}
{"timestamp":"2025-06-27T11:37:00.765944001-04:00","use_case":"ProcessBatch","target":"1073@gmail.com","status":"info","details":"Task 'update' completed successfully. ([])"}
{"timestamp":"2025-06-27T11:37:03.421053497-04:00","use_case":"ProcessBatch","target":"1074@gmail.com","status":"info","details":"Task 'update' completed successfully. ([])"}
{"timestamp":"2025-06-27T11:37:05.411048927-04:00","use_case":"ProcessBatch","target":"1075@gmail.com","status":"info","details":"Task 'update' completed successfully. ([])"}
{"timestamp":"2025-06-27T11:37:07.441503978-04:00","use_case":"ProcessBatch","target":"1076@gmail.com","status":"info","details":"Task 'update' completed successfully. ([])"}
{"timestamp":"2025-06-27T11:37:09.274273048-04:00","use_case":"ProcessBatch","target":"1077@gmail.com","status":"info","details":"Task 'update' completed successfully. ([])"}
{"timestamp":"2025-06-27T11:37:11.17200148-04:00","use_case":"ProcessBatch","target":"1078@gmail.com","status":"info","details":"Task 'update' completed successfully. ([])"}
{"timestamp":"2025-06-27T11:37:13.73145985-04:00","use_case":"ProcessBatch","target":"1079@gmail.com","status":"info","details":"Task 'update' completed successfully. ([])"}
{"timestamp":"2025-06-27T11:37:15.626198647-04:00","use_case":"ProcessBatch","target":"107@gmail.com","status":"info","details":"Task 'update' completed successfully. ([])"}
{"timestamp":"2025-06-27T11:37:17.450328347-04:00","use_case":"ProcessBatch","target":"1080@gmail.com","status":"info","details":"Task 'update' completed successfully. ([])"}
{"timestamp":"2025-06-27T11:37:19.405064501-04:00","use_case":"ProcessBatch","target":"1081@gmail.com","status":"info","details":"Task 'update' completed successfully. ([])"}
{"timestamp":"2025-06-27T11:37:21.349008232-04:00","use_case":"ProcessBatch","target":"1082@gmail.com","status":"info","details":"Task 'update' completed successfully. ([])"}
{"timestamp":"2025-06-27T11:37:23.301487105-04:00","use_case":"ProcessBatch","target":"1083@gmail.com","status":"info","details":"Task 'update' completed successfully. ([])"}
{"timestamp":"2025-06-27T11:37:25.190712884-04:00","use_case":"ProcessBatch","target":"1084@gmail.com","status":"info","details":"Task 'update' completed successfully. ([])"}
{"timestamp":"2025-06-27T11:37:26.946597776-04:00","use_case":"ProcessBatch","target":"1085@gmail.com","status":"info","details":"Task 'update' completed successfully. ([])"}
{"timestamp":"2025-06-27T11:37:28.819681115-04:00","use_case":"ProcessBatch","target":"1086@gmail.com","status":"info","details":"Task 'update' completed successfully. ([])"}
{"timestamp":"2025-06-27T11:37:30.663211432-04:00","use_case":"ProcessBatch","target":"1087@gmail.com","status":"info","details":"Task 'update' completed successfully. ([])"}
{"timestamp":"2025-06-27T11:37:32.447154407-04:00","use_case":"ProcessBatch","target":"1088@gmail.com","status":"info","details":"Task 'update' completed successfully. ([])"}
{"timestamp":"2025-06-27T11:37:34.240876424-04:00","use_case":"ProcessBatch","target":"1089@gmail.com","status":"info","details":"Task 'update' completed successfully. ([])"}
{"timestamp":"2025-06-27T11:37:36.157660861-04:00","use_case":"ProcessBatch","target":"108@gmail.com","status":"info","details":"Task 'update' completed successfully. ([])"}
{"timestamp":"2025-06-27T11:37:38.193331747-04:00","use_case":"ProcessBatch","target":"10@gmail.com","status":"info","details":"Task 'update' completed successfully. ([])"}
{"timestamp":"2025-06-27T11:37:39.976313205-04:00","use_case":"ProcessBatch","target":"1102@gmail.com","status":"info","details":"Task 'update' completed successfully. ([])"}
{"timestamp":"2025-06-27T11:37:41.808417215-04:00","use_case":"ProcessBatch","target":"1103@gmail.com","status":"info","details":"Task 'update' completed successfully. ([])"}
{"timestamp":"2025-06-27T11:37:43.607207105-04:00","use_case":"ProcessBatch","target":"1104@gmail.com","status":"info","details":"Task 'update' completed successfully. ([])"}
{"timestamp":"2025-06-27T11:37:46.173606039-04:00","use_case":"ProcessBatch","target":"1105@gmail.com","status":"info","details":"Task 'update' completed successfully. ([])"}
{"timestamp":"2025-06-27T11:37:47.920753113-04:00","use_case":"ProcessBatch","target":"1106@gmail.com","status":"info","details":"Task 'update' completed successfully. ([])"}
{"timestamp":"2025-06-27T11:37:49.907209955-04:00","use_case":"ProcessBatch","target":"1107@gmail.com","status":"info","details":"Task 'update' completed successfully. ([])"}
{"timestamp":"2025-06-27T11:37:51.73221715-04:00","use_case":"ProcessBatch","target":"1108@gmail.com","status":"info","details":"Task 'update' completed successfully. ([])"}
{"timestamp":"2025-06-27T11:37:53.467805838-04:00","use_case":"ProcessBatch","target":"1109@gmail.com","status":"info","details":"Task 'update' completed successfully. ([])"}
{"timestamp":"2025-06-27T11:37:55.213961019-04:00","use_case":"ProcessBatch","target":"110@gmail.com","status":"info","details":"Task 'update' completed successfully. ([])"}
{"timestamp":"2025-06-27T11:37:57.170046188-04:00","use_case":"ProcessBatch","target":"1110@gmail.com","status":"info","details":"Task 'update' completed successfully. ([])"}
{"timestamp":"2025-06-27T11:37:59.089694171-04:00","use_case":"ProcessBatch","target":"1111@gmail.com","status":"info","details":"Task 'update' completed successfully. ([])"}
{"timestamp":"2025-06-27T11:38:01.039438628-04:00","use_case":"ProcessBatch","target":"1112@gmail.com","status":"info","details":"Task 'update' completed successfully. ([])"}
{"timestamp":"2025-06-27T11:38:03.091406245-04:00","use_case":"ProcessBatch","target":"1113@gmail.com","status":"info","details":"Task 'update' completed successfully. ([])"}
{"timestamp":"2025-06-27T11:38:04.970447977-04:00","use_case":"ProcessBatch","target":"1114@gmail.com","status":"info","details":"Task 'update' completed successfully. ([])"}
{"timestamp":"2025-06-27T11:38:06.912188642-04:00","use_case":"ProcessBatch","target":"1115@gmail.com","status":"info","details":"Task 'update' completed successfully. ([])"}
{"timestamp":"2025-06-27T11:38:08.748984292-04:00","use_case":"ProcessBatch","target":"1116@gmail.com","status":"info","details":"Task 'update' completed successfully. ([])"}
{"timestamp":"2025-06-27T11:38:10.568579362-04:00","use_case":"ProcessBatch","target":"1118@gmail.com","status":"info","details":"Task 'update' completed successfully. ([])"}
{"timestamp":"2025-06-27T11:38:12.312413955-04:00","use_case":"ProcessBatch","target":"1119@gmail.com","status":"info","details":"Task 'update' completed successfully. ([])"}
{"timestamp":"2025-06-27T11:38:14.138722851-04:00","use_case":"ProcessBatch","target":"111@gmail.com","status":"info","details":"Task 'update' completed successfully. ([])"}
{"timestamp":"2025-06-27T11:38:16.060560962-04:00","use_case":"ProcessBatch","target":"111cain@gmail.com","status":"info","details":"Task 'update' completed successfully. ([])"}
{"timestamp":"2025-06-27T11:38:18.469411837-04:00","use_case":"ProcessBatch","target":"1121@gmail.com","status":"info","details":"Task 'update' completed successfully. ([])"}
{"timestamp":"2025-06-27T11:38:20.216207379-04:00","use_case":"ProcessBatch","target":"1122@gmail.com","status":"info","details":"Task 'update' completed successfully. ([])"}
